2022-11-23T18:01:44.149488+08:00 - Starting 8 workers
2022-11-23T18:01:44.149650+08:00 - Actix runtime found; starting in Actix runtime
2022-11-23T18:03:14.209772+08:00 - SIGINT received; starting forced shutdown
2022-11-23T18:03:14.210636+08:00 - Accept thread stopped
2022-11-23T18:03:14.210816+08:00 - Shutting down idle worker
2022-11-23T18:03:14.210941+08:00 - Shutting down idle worker
2022-11-23T18:03:14.211089+08:00 - Shutting down idle worker
2022-11-23T18:03:14.211231+08:00 - Shutting down idle worker
2022-11-23T18:03:14.211354+08:00 - Shutting down idle worker
2022-11-23T18:03:14.211482+08:00 - Shutting down idle worker
2022-11-23T18:03:14.211602+08:00 - Shutting down idle worker
2022-11-23T18:03:14.211737+08:00 - Shutting down idle worker
2022-11-23T18:03:30.285739+08:00 - Starting 8 workers
2022-11-23T18:03:30.286162+08:00 - Actix runtime found; starting in Actix runtime
2022-11-23T18:04:01.209676+08:00 - Starting 8 workers
2022-11-23T18:04:01.209799+08:00 - Actix runtime found; starting in Actix runtime
2022-11-23T18:05:04.144131+08:00 - SIGINT received; starting forced shutdown
2022-11-23T18:05:04.144395+08:00 - Paused accepting connections on 127.0.0.1:8080
2022-11-23T18:05:04.144550+08:00 - Shutting down idle worker
2022-11-23T18:05:04.144683+08:00 - Shutting down idle worker
2022-11-23T18:05:04.144921+08:00 - Shutting down idle worker
2022-11-23T18:05:04.144959+08:00 - Shutting down idle worker
2022-11-23T18:05:04.145038+08:00 - Shutting down idle worker
2022-11-23T18:05:04.145206+08:00 - Shutting down idle worker
2022-11-23T18:05:04.145305+08:00 - Shutting down idle worker
2022-11-23T18:05:04.145438+08:00 - Shutting down idle worker
2022-11-23T18:05:04.145479+08:00 - Accept thread stopped
2022-11-29T17:06:30.650104+08:00 - 启动成功
2022-11-29T17:06:30.651794+08:00 - Starting 2 workers
2022-11-29T17:06:30.651901+08:00 - Actix runtime found; starting in Actix runtime
2022-11-29T17:11:39.283647+08:00 - SIGINT received; starting forced shutdown
2022-11-29T17:11:39.283950+08:00 - Paused accepting connections on 127.0.0.1:8080
2022-11-29T17:11:39.284109+08:00 - Shutting down idle worker
2022-11-29T17:11:39.284321+08:00 - Shutting down idle worker
2022-11-29T17:11:39.284372+08:00 - Accept thread stopped
2022-11-29T17:12:15.017315+08:00 - 启动成功
2022-11-29T17:12:15.018629+08:00 - Starting 2 workers
2022-11-29T17:12:15.018854+08:00 - Actix runtime found; starting in Actix runtime
2022-11-29T17:13:22.276822+08:00 - SIGINT received; starting forced shutdown
2022-11-29T17:13:22.277124+08:00 - Shutting down idle worker
2022-11-29T17:13:22.277301+08:00 - Shutting down idle worker
2022-11-29T17:13:22.277467+08:00 - Paused accepting connections on 127.0.0.1:8080
2022-11-29T17:13:22.277535+08:00 - Accept thread stopped
2022-11-29T17:13:27.262084+08:00 - 启动成功
2022-11-29T17:13:27.262145+08:00 - 测试异常日志
2022-11-29T17:13:27.263315+08:00 - Starting 2 workers
2022-11-29T17:13:27.263420+08:00 - Actix runtime found; starting in Actix runtime
2022-11-29T17:13:39.813812+08:00 - SIGINT received; starting forced shutdown
2022-11-29T17:13:39.814098+08:00 - Paused accepting connections on 127.0.0.1:8080
2022-11-29T17:13:39.814157+08:00 - Accept thread stopped
2022-11-29T17:13:39.814384+08:00 - Shutting down idle worker
2022-11-29T17:13:39.814524+08:00 - Shutting down idle worker
2022-12-01T14:16:42.902050+08:00 - Starting 2 workers
2022-12-01T14:16:42.902467+08:00 - Actix runtime found; starting in Actix runtime
2022-12-01T14:16:57.104233+08:00 - Failed to deserialize Json from payload. Request path: /login
2022-12-01T14:16:58.422796+08:00 - Failed to deserialize Json from payload. Request path: /login
2022-12-01T14:17:39.659295+08:00 - SIGINT received; starting forced shutdown
2022-12-01T14:17:39.659577+08:00 - Paused accepting connections on 127.0.0.1:8080
2022-12-01T14:17:39.659646+08:00 - Shutting down idle worker
2022-12-01T14:17:39.659785+08:00 - Shutting down idle worker
2022-12-01T14:17:39.659847+08:00 - Accept thread stopped
2022-12-01T14:17:43.615411+08:00 - Starting 2 workers
2022-12-01T14:17:43.616354+08:00 - Actix runtime found; starting in Actix runtime
2022-12-01T14:18:02.301764+08:00 - SIGINT received; starting forced shutdown
2022-12-01T14:18:02.302040+08:00 - Paused accepting connections on 127.0.0.1:8080
2022-12-01T14:18:02.302192+08:00 - Shutting down idle worker
2022-12-01T14:18:02.302361+08:00 - Shutting down idle worker
2022-12-01T14:18:02.302433+08:00 - Accept thread stopped
